2026-02-23 17:06:02,976 - INFO - ================================================================================
2026-02-23 17:06:03,229 - INFO - ================================================================================
2026-02-23 17:06:03,231 - INFO - Target : https://www.airindia.com/
2026-02-23 17:06:03,231 - INFO - Headless: False
2026-02-23 17:06:03,232 - INFO - ================================================================================
2026-02-23 17:06:03,236 - INFO - [Ai.g Driver] Initialising Chrome...
2026-02-23 17:06:03,236 - INFO - ====== WebDriver manager ======
2026-02-23 17:06:05,958 - INFO - Get LATEST chromedriver version for google-chrome
2026-02-23 17:06:06,895 - INFO - Get LATEST chromedriver version for google-chrome
2026-02-23 17:06:07,563 - INFO - Driver [C:\Users\YethishPV\.wdm\drivers\chromedriver\win64\145.0.7632.77\chromedriver-win32/chromedriver.exe] found in cache
2026-02-23 17:06:11,709 - INFO - [Ai.g Driver] Navigating to https://www.airindia.com/ ...
2026-02-23 17:06:17,976 - INFO - [Ai.g Driver] Waiting for page stabilisation (15s)...
2026-02-23 17:06:32,977 - INFO - [Ai.g Driver] Checking for cookie consent popup...
2026-02-23 17:06:38,197 - INFO - [Ai.g Driver] No cookie popup found, continuing.
2026-02-23 17:06:38,200 - INFO - [Ai.g Driver] Clicking chatbot icon (id='ask-aig')...
2026-02-23 17:06:43,396 - INFO - [Ai.g Driver] Waiting for input field (id='inputChat')...
2026-02-23 17:07:14,942 - ERROR - [Ai.g Driver] send_message error: Message: 

2026-02-23 17:07:14,949 - INFO - [Middleware] Waiting for api_server.py connections...
2026-02-23 17:07:14,949 - INFO - ================================================================================
2026-02-23 17:07:14,953 - INFO - ================================================================================
2026-02-23 17:07:14,953 - INFO - WebSocket URL : ws://localhost:8002/chat
2026-02-23 17:07:14,954 - INFO - Target        : https://www.airindia.com/
2026-02-23 17:07:14,954 - INFO - Point api_server.py to the WebSocket URL above.
2026-02-23 17:07:14,954 - INFO - Press Ctrl+C to stop.
2026-02-23 17:07:14,954 - INFO - ================================================================================
2026-02-23 17:07:14,993 - INFO - server listening on 127.0.0.1:8002
2026-02-23 17:07:14,994 - INFO - server listening on [::1]:8002
2026-02-23 17:09:01,989 - INFO - connection open
2026-02-23 17:09:33,972 - ERROR - [Ai.g Driver] send_message error: Message: 

2026-02-23 17:11:31,783 - INFO - server closing
2026-02-23 17:11:31,927 - INFO - ================================================================================
2026-02-23 17:11:31,943 - INFO - ================================================================================
2026-02-23 17:11:31,943 - INFO - Total Messages : 11
2026-02-23 17:11:31,943 - INFO - Successful     : 10
2026-02-23 17:11:31,944 - INFO - Failed         : 0
2026-02-23 17:11:31,944 - INFO - Success Rate   : 90.9%
2026-02-23 17:11:31,944 - INFO - Active Conns   : 1
2026-02-23 17:11:31,944 - INFO - ================================================================================
2026-02-23 17:11:35,881 - WARNING - Retrying (Retry(total=2, connect=None, read=None, redirect=None, status=None)) after connection broken by 'NewConnectionError("HTTPConnection(host='localhost', port=54562): Failed to establish a new connection: [WinError 10061] No connection could be made because the target machine actively refused it")': /session/be873e273e7a0e553c43153cd974e3fe/elements
2026-02-23 17:11:35,990 - WARNING - Retrying (Retry(total=2, connect=None, read=None, redirect=None, status=None)) after connection broken by 'NewConnectionError("HTTPConnection(host='localhost', port=54562): Failed to establish a new connection: [WinError 10061] No connection could be made because the target machine actively refused it")': /session/be873e273e7a0e553c43153cd974e3fe
2026-02-23 17:11:39,919 - WARNING - Retrying (Retry(total=1, connect=None, read=None, redirect=None, status=None)) after connection broken by 'NewConnectionError("HTTPConnection(host='localhost', port=54562): Failed to establish a new connection: [WinError 10061] No connection could be made because the target machine actively refused it")': /session/be873e273e7a0e553c43153cd974e3fe/elements
2026-02-23 17:11:40,045 - WARNING - Retrying (Retry(total=1, connect=None, read=None, redirect=None, status=None)) after connection broken by 'NewConnectionError("HTTPConnection(host='localhost', port=54562): Failed to establish a new connection: [WinError 10061] No connection could be made because the target machine actively refused it")': /session/be873e273e7a0e553c43153cd974e3fe
2026-02-23 17:11:43,985 - WARNING - Retrying (Retry(total=0, connect=None, read=None, redirect=None, status=None)) after connection broken by 'NewConnectionError("HTTPConnection(host='localhost', port=54562): Failed to establish a new connection: [WinError 10061] No connection could be made because the target machine actively refused it")': /session/be873e273e7a0e553c43153cd974e3fe/elements
2026-02-23 17:11:44,125 - WARNING - Retrying (Retry(total=0, connect=None, read=None, redirect=None, status=None)) after connection broken by 'NewConnectionError("HTTPConnection(host='localhost', port=54562): Failed to establish a new connection: [WinError 10061] No connection could be made because the target machine actively refused it")': /session/be873e273e7a0e553c43153cd974e3fe
2026-02-23 17:11:48,063 - ERROR - [Ai.g Driver] send_message error: HTTPConnectionPool(host='localhost', port=54562): Max retries exceeded with url: /session/be873e273e7a0e553c43153cd974e3fe/elements (Caused by NewConnectionError("HTTPConnection(host='localhost', port=54562): Failed to establish a new connection: [WinError 10061] No connection could be made because the target machine actively refused it"))
