2026-02-23 12:28:05,888 - INFO - ================================================================================
2026-02-23 12:28:05,947 - INFO - ================================================================================
2026-02-23 12:28:05,951 - INFO - Target : https://www.airindia.com/
2026-02-23 12:28:05,951 - INFO - Headless: False
2026-02-23 12:28:05,951 - INFO - ================================================================================
2026-02-23 12:28:05,955 - INFO - [Ai.g Driver] Initialising Chrome...
2026-02-23 12:28:05,957 - INFO - ====== WebDriver manager ======
2026-02-23 12:28:08,796 - INFO - Get LATEST chromedriver version for google-chrome
2026-02-23 12:28:09,815 - INFO - Get LATEST chromedriver version for google-chrome
2026-02-23 12:28:10,743 - INFO - Driver [C:\Users\YethishPV\.wdm\drivers\chromedriver\win64\145.0.7632.77\chromedriver-win32/chromedriver.exe] found in cache
2026-02-23 12:28:12,408 - INFO - [Ai.g Driver] Navigating to https://www.airindia.com/ ...
2026-02-23 12:28:20,902 - INFO - [Ai.g Driver] Waiting for page stabilisation (15s)...
2026-02-23 12:28:35,910 - INFO - [Ai.g Driver] Checking for cookie consent popup...
2026-02-23 12:28:41,387 - INFO - [Ai.g Driver] No cookie popup found, continuing.
2026-02-23 12:28:41,387 - INFO - [Ai.g Driver] Clicking chatbot icon (id='ask-aig')...
2026-02-23 12:28:46,644 - INFO - [Ai.g Driver] Waiting for input field (id='inputChat')...
2026-02-23 12:29:18,808 - ERROR - [Ai.g Driver] send_message error: Message: 

2026-02-23 12:29:18,840 - INFO - [Middleware] Waiting for api_server.py connections...
2026-02-23 12:29:18,843 - INFO - ================================================================================
2026-02-23 12:29:18,858 - INFO - ================================================================================
2026-02-23 12:29:18,860 - INFO - WebSocket URL : ws://localhost:8002/chat
2026-02-23 12:29:18,860 - INFO - Target        : https://www.airindia.com/
2026-02-23 12:29:18,860 - INFO - Point api_server.py to the WebSocket URL above.
2026-02-23 12:29:18,860 - INFO - Press Ctrl+C to stop.
2026-02-23 12:29:18,863 - INFO - ================================================================================
2026-02-23 12:29:18,987 - INFO - server listening on [::1]:8002
2026-02-23 12:29:18,987 - INFO - server listening on 127.0.0.1:8002
2026-02-23 12:31:53,208 - INFO - connection open
2026-02-23 12:43:15,338 - INFO - connection open
2026-02-23 12:44:43,900 - ERROR - [Ai.g Driver] send_message error: Message: 

2026-02-23 12:46:33,181 - INFO - connection open
2026-02-23 12:46:33,658 - WARNING - Connection pool is full, discarding connection: localhost. Connection pool size: 1
2026-02-23 12:46:36,041 - WARNING - Connection pool is full, discarding connection: localhost. Connection pool size: 1
2026-02-23 12:46:41,728 - INFO - server closing
2026-02-23 12:46:41,892 - INFO - ================================================================================
2026-02-23 12:46:41,901 - INFO - ================================================================================
2026-02-23 12:46:41,901 - INFO - Total Messages : 59
2026-02-23 12:46:41,901 - INFO - Successful     : 57
2026-02-23 12:46:41,901 - INFO - Failed         : 0
2026-02-23 12:46:41,906 - INFO - Success Rate   : 96.6%
2026-02-23 12:46:41,906 - INFO - Active Conns   : 2
2026-02-23 12:46:41,907 - INFO - ================================================================================
2026-02-23 12:46:45,921 - WARNING - Retrying (Retry(total=2, connect=None, read=None, redirect=None, status=None)) after connection broken by 'NewConnectionError("HTTPConnection(host='localhost', port=62220): Failed to establish a new connection: [WinError 10061] No connection could be made because the target machine actively refused it")': /session/9805e574f432529b43acca43ff16462a/elements
2026-02-23 12:46:45,967 - WARNING - Retrying (Retry(total=2, connect=None, read=None, redirect=None, status=None)) after connection broken by 'NewConnectionError("HTTPConnection(host='localhost', port=62220): Failed to establish a new connection: [WinError 10061] No connection could be made because the target machine actively refused it")': /session/9805e574f432529b43acca43ff16462a
2026-02-23 12:46:46,069 - WARNING - Retrying (Retry(total=2, connect=None, read=None, redirect=None, status=None)) after connection broken by 'NewConnectionError("HTTPConnection(host='localhost', port=62220): Failed to establish a new connection: [WinError 10061] No connection could be made because the target machine actively refused it")': /session/9805e574f432529b43acca43ff16462a/elements
2026-02-23 12:46:49,987 - WARNING - Retrying (Retry(total=1, connect=None, read=None, redirect=None, status=None)) after connection broken by 'NewConnectionError("HTTPConnection(host='localhost', port=62220): Failed to establish a new connection: [WinError 10061] No connection could be made because the target machine actively refused it")': /session/9805e574f432529b43acca43ff16462a/elements
2026-02-23 12:46:49,997 - WARNING - Retrying (Retry(total=1, connect=None, read=None, redirect=None, status=None)) after connection broken by 'NewConnectionError("HTTPConnection(host='localhost', port=62220): Failed to establish a new connection: [WinError 10061] No connection could be made because the target machine actively refused it")': /session/9805e574f432529b43acca43ff16462a
2026-02-23 12:46:50,146 - WARNING - Retrying (Retry(total=1, connect=None, read=None, redirect=None, status=None)) after connection broken by 'NewConnectionError("HTTPConnection(host='localhost', port=62220): Failed to establish a new connection: [WinError 10061] No connection could be made because the target machine actively refused it")': /session/9805e574f432529b43acca43ff16462a/elements
2026-02-23 12:46:54,036 - WARNING - Retrying (Retry(total=0, connect=None, read=None, redirect=None, status=None)) after connection broken by 'NewConnectionError("HTTPConnection(host='localhost', port=62220): Failed to establish a new connection: [WinError 10061] No connection could be made because the target machine actively refused it")': /session/9805e574f432529b43acca43ff16462a/elements
2026-02-23 12:46:54,036 - WARNING - Connection pool is full, discarding connection: localhost. Connection pool size: 1
2026-02-23 12:46:54,036 - WARNING - Retrying (Retry(total=0, connect=None, read=None, redirect=None, status=None)) after connection broken by 'NewConnectionError("HTTPConnection(host='localhost', port=62220): Failed to establish a new connection: [WinError 10061] No connection could be made because the target machine actively refused it")': /session/9805e574f432529b43acca43ff16462a
2026-02-23 12:46:54,242 - WARNING - Retrying (Retry(total=0, connect=None, read=None, redirect=None, status=None)) after connection broken by 'NewConnectionError("HTTPConnection(host='localhost', port=62220): Failed to establish a new connection: [WinError 10061] No connection could be made because the target machine actively refused it")': /session/9805e574f432529b43acca43ff16462a/elements
2026-02-23 12:46:58,109 - WARNING - Connection pool is full, discarding connection: localhost. Connection pool size: 1
2026-02-23 12:46:58,109 - ERROR - [Ai.g Driver] send_message error: HTTPConnectionPool(host='localhost', port=62220): Max retries exceeded with url: /session/9805e574f432529b43acca43ff16462a/elements (Caused by NewConnectionError("HTTPConnection(host='localhost', port=62220): Failed to establish a new connection: [WinError 10061] No connection could be made because the target machine actively refused it"))
2026-02-23 12:46:58,296 - WARNING - Connection pool is full, discarding connection: localhost. Connection pool size: 1
2026-02-23 12:46:58,296 - ERROR - [Ai.g Driver] send_message error: HTTPConnectionPool(host='localhost', port=62220): Max retries exceeded with url: /session/9805e574f432529b43acca43ff16462a/elements (Caused by NewConnectionError("HTTPConnection(host='localhost', port=62220): Failed to establish a new connection: [WinError 10061] No connection could be made because the target machine actively refused it"))
2026-02-23 12:46:58,489 - ERROR - Task was destroyed but it is pending!
task: <Task cancelling name='Task-1' coro=<start_aig_middleware() done, defined at C:\Neudesic Work\Hackathon\RedTeaming\BACKEND\aig_chatbot_automation.py:455> wait_for=<Future pending cb=[_chain_future.<locals>._call_check_cancel() at C:\Users\YethishPV\AppData\Local\Programs\Python\Python311\Lib\asyncio\futures.py:387, Task.task_wakeup()]> cb=[gather.<locals>._done_callback() at C:\Users\YethishPV\AppData\Local\Programs\Python\Python311\Lib\asyncio\tasks.py:764]>

